400  [background-preinit] INFO  o.h.validator.internal.util.Version – HV000001: Hibernate Validator 8.0.1.Final
425  [main] INFO  c.e.h.HandMadeStoreApplication – Starting HandMadeStoreApplication using Java 19.0.2 with PID 25280 (C:\Users\hdemyS\IdeaProjects\HM_store_for_RBD\build\classes\java\main started by hdemyS in C:\Users\hdemyS\IdeaProjects\HM_store_for_RBD)
426  [main] INFO  c.e.h.HandMadeStoreApplication – No active profile set, falling back to 1 default profile: "default"
758  [main] INFO  o.s.d.r.c.RepositoryConfigurationDelegate – Bootstrapping Spring Data JPA repositories in DEFAULT mode.
789  [main] INFO  o.s.d.r.c.RepositoryConfigurationDelegate – Finished Spring Data repository scanning in 26 ms. Found 6 JPA repository interfaces.
1345 [main] INFO  o.s.b.w.e.tomcat.TomcatWebServer – Tomcat initialized with port 8080 (http)
1352 [main] INFO  o.a.coyote.http11.Http11NioProtocol – Initializing ProtocolHandler ["http-nio-8080"]
1354 [main] INFO  o.a.catalina.core.StandardService – Starting service [Tomcat]
1354 [main] INFO  o.a.catalina.core.StandardEngine – Starting Servlet engine: [Apache Tomcat/10.1.19]
1406 [main] INFO  o.a.c.c.C.[Tomcat].[localhost].[/] – Initializing Spring embedded WebApplicationContext
1406 [main] INFO  o.s.b.w.s.c.ServletWebServerApplicationContext – Root WebApplicationContext: initialization completed in 952 ms
1523 [main] INFO  o.h.jpa.internal.util.LogHelper – HHH000204: Processing PersistenceUnitInfo [name: default]
1567 [main] INFO  org.hibernate.Version – HHH000412: Hibernate ORM core version 6.4.4.Final
1598 [main] INFO  o.h.c.i.RegionFactoryInitiator – HHH000026: Second-level cache disabled
1767 [main] INFO  o.s.o.j.p.SpringPersistenceUnitInfo – No LoadTimeWeaver setup: ignoring JPA class transformer
1792 [main] INFO  com.zaxxer.hikari.HikariDataSource – HikariPool-1 - Starting...
1910 [main] INFO  com.zaxxer.hikari.pool.HikariPool – HikariPool-1 - Added connection org.postgresql.jdbc.PgConnection@4cc4d454
1911 [main] INFO  com.zaxxer.hikari.HikariDataSource – HikariPool-1 - Start completed.
1939 [main] WARN  org.hibernate.orm.deprecation – HHH90000025: PostgreSQLDialect does not need to be specified explicitly using 'hibernate.dialect' (remove the property setting and it will be selected by default)
2676 [main] INFO  o.h.e.t.j.p.i.JtaPlatformInitiator – HHH000489: No JTA platform available (set 'hibernate.transaction.jta.platform' to enable JTA platform integration)
2783 [main] INFO  o.s.o.j.LocalContainerEntityManagerFactoryBean – Initialized JPA EntityManagerFactory for persistence unit 'default'
3137 [main] WARN  o.s.b.a.o.j.JpaBaseConfiguration$JpaWebConfiguration – spring.jpa.open-in-view is enabled by default. Therefore, database queries may be performed during view rendering. Explicitly configure spring.jpa.open-in-view to disable this warning
3388 [main] INFO  o.s.s.w.DefaultSecurityFilterChain – Will secure any request with [org.springframework.security.web.session.DisableEncodeUrlFilter@64b242b3, org.springframework.security.web.context.request.async.WebAsyncManagerIntegrationFilter@6cb1da13, org.springframework.security.web.context.SecurityContextHolderFilter@484dde7d, org.springframework.security.web.header.HeaderWriterFilter@3bd5dff5, org.springframework.web.filter.CorsFilter@2250deae, org.springframework.security.web.authentication.logout.LogoutFilter@a642c54, org.springframework.security.web.authentication.UsernamePasswordAuthenticationFilter@1c3eeda4, org.springframework.security.web.savedrequest.RequestCacheAwareFilter@2052c49f, org.springframework.security.web.servletapi.SecurityContextHolderAwareRequestFilter@2be83e7e, org.springframework.security.web.authentication.AnonymousAuthenticationFilter@49e8548d, org.springframework.security.web.access.ExceptionTranslationFilter@768967cf, org.springframework.security.web.access.intercept.FilterSecurityInterceptor@7e584f3c]
3530 [main] INFO  o.a.coyote.http11.Http11NioProtocol – Starting ProtocolHandler ["http-nio-8080"]
3541 [main] INFO  o.s.b.w.e.tomcat.TomcatWebServer – Tomcat started on port 8080 (http) with context path ''
3547 [main] INFO  c.e.h.HandMadeStoreApplication – Started HandMadeStoreApplication in 3.357 seconds (process running for 3.836)
4052 [http-nio-8080-exec-1] INFO  o.a.c.c.C.[Tomcat].[localhost].[/] – Initializing Spring DispatcherServlet 'dispatcherServlet'
4052 [http-nio-8080-exec-1] INFO  o.s.web.servlet.DispatcherServlet – Initializing Servlet 'dispatcherServlet'
4053 [http-nio-8080-exec-1] INFO  o.s.web.servlet.DispatcherServlet – Completed initialization in 1 ms
4080 [http-nio-8080-exec-1] WARN  o.apache.catalina.connector.Request – Creating the temporary upload location [C:\Users\hdemyS\AppData\Local\Temp\tomcat.8080.959653276252452809\work\Tomcat\localhost\ROOT\src\main\resources\static\uploads] as it is required by the servlet [dispatcherServlet]
12397 [http-nio-8080-exec-4] INFO  c.e.hm_store.Services.AspectClass – Начало выполнения кода loadUserByUsername
12535 [http-nio-8080-exec-4] INFO  c.e.hm_store.Services.AspectClass – Конец выполнения кода loadUserByUsername
15316 [http-nio-8080-exec-1] INFO  c.e.hm_store.Services.AspectClass – Начало выполнения кода getTotalProductCount
15486 [http-nio-8080-exec-1] INFO  c.e.hm_store.Services.AspectClass – Конец выполнения кода getTotalProductCount
15507 [http-nio-8080-exec-9] INFO  c.e.hm_store.Services.AspectClass – Начало выполнения кода findProductsByPage
15525 [http-nio-8080-exec-9] INFO  c.e.hm_store.Services.AspectClass – Конец выполнения кода findProductsByPage
36825 [http-nio-8080-exec-8] INFO  c.e.hm_store.Services.AspectClass – Начало выполнения кода save
36840 [http-nio-8080-exec-8] INFO  c.e.hm_store.Services.AspectClass – Конец выполнения кода save
36841 [http-nio-8080-exec-8] INFO  c.e.hm_store.Services.AspectClass – Начало выполнения кода createOrder
36888 [http-nio-8080-exec-8] WARN  o.h.e.jdbc.spi.SqlExceptionHelper – SQL Error: 0, SQLState: 23505
36888 [http-nio-8080-exec-8] ERROR o.h.e.jdbc.spi.SqlExceptionHelper – ОШИБКА: повторяющееся значение ключа нарушает ограничение уникальности "master_good_pkey"
  Подробности: Ключ "(master_id_of_employee, good_id_of_good)=(0, 2)" уже существует.
  Где: SQL-оператор: "INSERT INTO master_good (master_id_of_employee, good_id_of_good, materials, techtask)
        VALUES (NEW.id_of_master, product_id, 
                (SELECT material FROM item WHERE id = product_id), 
                'Default task')"
функция PL/pgSQL add_to_master_good(), строка 9, оператор SQL-оператор
36894 [http-nio-8080-exec-8] INFO  c.e.hm_store.Services.AspectClass – Конец выполнения кода createOrder
36897 [http-nio-8080-exec-8] ERROR o.a.c.c.C.[.[.[.[dispatcherServlet] – Servlet.service() for servlet [dispatcherServlet] in context with path [] threw exception [Request processing failed: org.springframework.dao.DataIntegrityViolationException: could not execute statement [ОШИБКА: повторяющееся значение ключа нарушает ограничение уникальности "master_good_pkey"
  Подробности: Ключ "(master_id_of_employee, good_id_of_good)=(0, 2)" уже существует.
  Где: SQL-оператор: "INSERT INTO master_good (master_id_of_employee, good_id_of_good, materials, techtask)
        VALUES (NEW.id_of_master, product_id, 
                (SELECT material FROM item WHERE id = product_id), 
                'Default task')"
функция PL/pgSQL add_to_master_good(), строка 9, оператор SQL-оператор] [insert into order_table (user_id,id_of_courier,id_of_manager,id_of_master,orderdate,productid,total_price) values (?,?,?,?,?,?,?)]; SQL [insert into order_table (user_id,id_of_courier,id_of_manager,id_of_master,orderdate,productid,total_price) values (?,?,?,?,?,?,?)]; constraint [null]] with root cause
org.postgresql.util.PSQLException: ОШИБКА: повторяющееся значение ключа нарушает ограничение уникальности "master_good_pkey"
  Подробности: Ключ "(master_id_of_employee, good_id_of_good)=(0, 2)" уже существует.
  Где: SQL-оператор: "INSERT INTO master_good (master_id_of_employee, good_id_of_good, materials, techtask)
        VALUES (NEW.id_of_master, product_id, 
                (SELECT material FROM item WHERE id = product_id), 
                'Default task')"
функция PL/pgSQL add_to_master_good(), строка 9, оператор SQL-оператор
	at org.postgresql.core.v3.QueryExecutorImpl.receiveErrorResponse(QueryExecutorImpl.java:2725)
	at org.postgresql.core.v3.QueryExecutorImpl.processResults(QueryExecutorImpl.java:2412)
	at org.postgresql.core.v3.QueryExecutorImpl.execute(QueryExecutorImpl.java:371)
	at org.postgresql.jdbc.PgStatement.executeInternal(PgStatement.java:502)
	at org.postgresql.jdbc.PgStatement.execute(PgStatement.java:419)
	at org.postgresql.jdbc.PgPreparedStatement.executeWithFlags(PgPreparedStatement.java:194)
	at org.postgresql.jdbc.PgPreparedStatement.executeUpdate(PgPreparedStatement.java:155)
	at com.zaxxer.hikari.pool.ProxyPreparedStatement.executeUpdate(ProxyPreparedStatement.java:61)
	at com.zaxxer.hikari.pool.HikariProxyPreparedStatement.executeUpdate(HikariProxyPreparedStatement.java)
	at org.hibernate.engine.jdbc.internal.ResultSetReturnImpl.executeUpdate(ResultSetReturnImpl.java:194)
	at org.hibernate.id.insert.GetGeneratedKeysDelegate.performInsert(GetGeneratedKeysDelegate.java:107)
	at org.hibernate.engine.jdbc.mutation.internal.MutationExecutorPostInsertSingleTable.execute(MutationExecutorPostInsertSingleTable.java:100)
	at org.hibernate.persister.entity.mutation.InsertCoordinator.doStaticInserts(InsertCoordinator.java:175)
	at org.hibernate.persister.entity.mutation.InsertCoordinator.coordinateInsert(InsertCoordinator.java:113)
	at org.hibernate.persister.entity.AbstractEntityPersister.insert(AbstractEntityPersister.java:2868)
	at org.hibernate.action.internal.EntityIdentityInsertAction.execute(EntityIdentityInsertAction.java:81)
	at org.hibernate.engine.spi.ActionQueue.execute(ActionQueue.java:670)
	at org.hibernate.engine.spi.ActionQueue.addResolvedEntityInsertAction(ActionQueue.java:291)
	at org.hibernate.engine.spi.ActionQueue.addInsertAction(ActionQueue.java:272)
	at org.hibernate.engine.spi.ActionQueue.addAction(ActionQueue.java:322)
	at org.hibernate.event.internal.AbstractSaveEventListener.addInsertAction(AbstractSaveEventListener.java:386)
	at org.hibernate.event.internal.AbstractSaveEventListener.performSaveOrReplicate(AbstractSaveEventListener.java:300)
	at org.hibernate.event.internal.AbstractSaveEventListener.performSave(AbstractSaveEventListener.java:219)
	at org.hibernate.event.internal.AbstractSaveEventListener.saveWithGeneratedId(AbstractSaveEventListener.java:134)
	at org.hibernate.event.internal.DefaultPersistEventListener.entityIsTransient(DefaultPersistEventListener.java:175)
	at org.hibernate.event.internal.DefaultPersistEventListener.persist(DefaultPersistEventListener.java:93)
	at org.hibernate.event.internal.DefaultPersistEventListener.onPersist(DefaultPersistEventListener.java:77)
	at org.hibernate.event.internal.DefaultPersistEventListener.onPersist(DefaultPersistEventListener.java:54)
	at org.hibernate.event.service.internal.EventListenerGroupImpl.fireEventOnEachListener(EventListenerGroupImpl.java:127)
	at org.hibernate.internal.SessionImpl.firePersist(SessionImpl.java:754)
	at org.hibernate.internal.SessionImpl.persist(SessionImpl.java:738)
	at java.base/jdk.internal.reflect.DirectMethodHandleAccessor.invoke(DirectMethodHandleAccessor.java:104)
	at java.base/java.lang.reflect.Method.invoke(Method.java:578)
	at org.springframework.orm.jpa.ExtendedEntityManagerCreator$ExtendedEntityManagerInvocationHandler.invoke(ExtendedEntityManagerCreator.java:364)
	at jdk.proxy2/jdk.proxy2.$Proxy127.persist(Unknown Source)
	at java.base/jdk.internal.reflect.DirectMethodHandleAccessor.invoke(DirectMethodHandleAccessor.java:104)
	at java.base/java.lang.reflect.Method.invoke(Method.java:578)
	at org.springframework.orm.jpa.SharedEntityManagerCreator$SharedEntityManagerInvocationHandler.invoke(SharedEntityManagerCreator.java:319)
	at jdk.proxy2/jdk.proxy2.$Proxy127.persist(Unknown Source)
	at org.springframework.data.jpa.repository.support.SimpleJpaRepository.save(SimpleJpaRepository.java:618)
	at java.base/jdk.internal.reflect.DirectMethodHandleAccessor.invoke(DirectMethodHandleAccessor.java:104)
	at java.base/java.lang.reflect.Method.invoke(Method.java:578)
	at org.springframework.aop.support.AopUtils.invokeJoinpointUsingReflection(AopUtils.java:354)
	at org.springframework.data.repository.core.support.RepositoryMethodInvoker$RepositoryFragmentMethodInvoker.lambda$new$0(RepositoryMethodInvoker.java:277)
	at org.springframework.data.repository.core.support.RepositoryMethodInvoker.doInvoke(RepositoryMethodInvoker.java:170)
	at org.springframework.data.repository.core.support.RepositoryMethodInvoker.invoke(RepositoryMethodInvoker.java:158)
	at org.springframework.data.repository.core.support.RepositoryComposition$RepositoryFragments.invoke(RepositoryComposition.java:516)
	at org.springframework.data.repository.core.support.RepositoryComposition.invoke(RepositoryComposition.java:285)
	at org.springframework.data.repository.core.support.RepositoryFactorySupport$ImplementationMethodExecutionInterceptor.invoke(RepositoryFactorySupport.java:628)
	at org.springframework.aop.framework.ReflectiveMethodInvocation.proceed(ReflectiveMethodInvocation.java:184)
	at org.springframework.data.repository.core.support.QueryExecutorMethodInterceptor.doInvoke(QueryExecutorMethodInterceptor.java:168)
	at org.springframework.data.repository.core.support.QueryExecutorMethodInterceptor.invoke(QueryExecutorMethodInterceptor.java:143)
	at org.springframework.aop.framework.ReflectiveMethodInvocation.proceed(ReflectiveMethodInvocation.java:184)
	at org.springframework.data.projection.DefaultMethodInvokingMethodInterceptor.invoke(DefaultMethodInvokingMethodInterceptor.java:70)
	at org.springframework.aop.framework.ReflectiveMethodInvocation.proceed(ReflectiveMethodInvocation.java:184)
	at org.springframework.transaction.interceptor.TransactionInterceptor$1.proceedWithInvocation(TransactionInterceptor.java:123)
	at org.springframework.transaction.interceptor.TransactionAspectSupport.invokeWithinTransaction(TransactionAspectSupport.java:392)
	at org.springframework.transaction.interceptor.TransactionInterceptor.invoke(TransactionInterceptor.java:119)
	at org.springframework.aop.framework.ReflectiveMethodInvocation.proceed(ReflectiveMethodInvocation.java:184)
	at org.springframework.dao.support.PersistenceExceptionTranslationInterceptor.invoke(PersistenceExceptionTranslationInterceptor.java:137)
	at org.springframework.aop.framework.ReflectiveMethodInvocation.proceed(ReflectiveMethodInvocation.java:184)
	at org.springframework.data.jpa.repository.support.CrudMethodMetadataPostProcessor$CrudMethodMetadataPopulatingMethodInterceptor.invoke(CrudMethodMetadataPostProcessor.java:164)
	at org.springframework.aop.framework.ReflectiveMethodInvocation.proceed(ReflectiveMethodInvocation.java:184)
	at org.springframework.aop.interceptor.ExposeInvocationInterceptor.invoke(ExposeInvocationInterceptor.java:97)
	at org.springframework.aop.framework.ReflectiveMethodInvocation.proceed(ReflectiveMethodInvocation.java:184)
	at org.springframework.aop.framework.JdkDynamicAopProxy.invoke(JdkDynamicAopProxy.java:223)
	at jdk.proxy2/jdk.proxy2.$Proxy130.save(Unknown Source)
	at com.example.hm_store.Services.OrderService.save(OrderService.java:97)
	at com.example.hm_store.Services.OrderService.createOrder(OrderService.java:94)
	at java.base/jdk.internal.reflect.DirectMethodHandleAccessor.invoke(DirectMethodHandleAccessor.java:104)
	at java.base/java.lang.reflect.Method.invoke(Method.java:578)
	at org.springframework.aop.support.AopUtils.invokeJoinpointUsingReflection(AopUtils.java:354)
	at org.springframework.aop.framework.ReflectiveMethodInvocation.invokeJoinpoint(ReflectiveMethodInvocation.java:196)
	at org.springframework.aop.framework.ReflectiveMethodInvocation.proceed(ReflectiveMethodInvocation.java:163)
	at org.springframework.aop.framework.CglibAopProxy$CglibMethodInvocation.proceed(CglibAopProxy.java:768)
	at org.springframework.aop.aspectj.AspectJAfterAdvice.invoke(AspectJAfterAdvice.java:49)
	at org.springframework.aop.framework.ReflectiveMethodInvocation.proceed(ReflectiveMethodInvocation.java:184)
	at org.springframework.aop.framework.CglibAopProxy$CglibMethodInvocation.proceed(CglibAopProxy.java:768)
	at org.springframework.aop.framework.adapter.MethodBeforeAdviceInterceptor.invoke(MethodBeforeAdviceInterceptor.java:58)
	at org.springframework.aop.framework.ReflectiveMethodInvocation.proceed(ReflectiveMethodInvocation.java:184)
	at org.springframework.aop.framework.CglibAopProxy$CglibMethodInvocation.proceed(CglibAopProxy.java:768)
	at org.springframework.transaction.interceptor.TransactionInterceptor$1.proceedWithInvocation(TransactionInterceptor.java:123)
	at org.springframework.transaction.interceptor.TransactionAspectSupport.invokeWithinTransaction(TransactionAspectSupport.java:392)
	at org.springframework.transaction.interceptor.TransactionInterceptor.invoke(TransactionInterceptor.java:119)
	at org.springframework.aop.framework.ReflectiveMethodInvocation.proceed(ReflectiveMethodInvocation.java:184)
	at org.springframework.aop.framework.CglibAopProxy$CglibMethodInvocation.proceed(CglibAopProxy.java:768)
	at org.springframework.aop.interceptor.ExposeInvocationInterceptor.invoke(ExposeInvocationInterceptor.java:97)
	at org.springframework.aop.framework.ReflectiveMethodInvocation.proceed(ReflectiveMethodInvocation.java:184)
	at org.springframework.aop.framework.CglibAopProxy$CglibMethodInvocation.proceed(CglibAopProxy.java:768)
	at org.springframework.aop.framework.CglibAopProxy$DynamicAdvisedInterceptor.intercept(CglibAopProxy.java:720)
	at com.example.hm_store.Services.OrderService$$SpringCGLIB$$0.createOrder(<generated>)
	at com.example.hm_store.Controllers.DataController.sendData(DataController.java:42)
	at java.base/jdk.internal.reflect.DirectMethodHandleAccessor.invoke(DirectMethodHandleAccessor.java:104)
	at java.base/java.lang.reflect.Method.invoke(Method.java:578)
	at org.springframework.web.method.support.InvocableHandlerMethod.doInvoke(InvocableHandlerMethod.java:255)
	at org.springframework.web.method.support.InvocableHandlerMethod.invokeForRequest(InvocableHandlerMethod.java:188)
	at org.springframework.web.servlet.mvc.method.annotation.ServletInvocableHandlerMethod.invokeAndHandle(ServletInvocableHandlerMethod.java:118)
	at org.springframework.web.servlet.mvc.method.annotation.RequestMappingHandlerAdapter.invokeHandlerMethod(RequestMappingHandlerAdapter.java:926)
	at org.springframework.web.servlet.mvc.method.annotation.RequestMappingHandlerAdapter.handleInternal(RequestMappingHandlerAdapter.java:831)
	at org.springframework.web.servlet.mvc.method.AbstractHandlerMethodAdapter.handle(AbstractHandlerMethodAdapter.java:87)
	at org.springframework.web.servlet.DispatcherServlet.doDispatch(DispatcherServlet.java:1089)
	at org.springframework.web.servlet.DispatcherServlet.doService(DispatcherServlet.java:979)
	at org.springframework.web.servlet.FrameworkServlet.processRequest(FrameworkServlet.java:1014)
	at org.springframework.web.servlet.FrameworkServlet.doPost(FrameworkServlet.java:914)
	at jakarta.servlet.http.HttpServlet.service(HttpServlet.java:590)
	at org.springframework.web.servlet.FrameworkServlet.service(FrameworkServlet.java:885)
	at jakarta.servlet.http.HttpServlet.service(HttpServlet.java:658)
	at org.apache.catalina.core.ApplicationFilterChain.internalDoFilter(ApplicationFilterChain.java:205)
	at org.apache.catalina.core.ApplicationFilterChain.doFilter(ApplicationFilterChain.java:149)
	at org.apache.tomcat.websocket.server.WsFilter.doFilter(WsFilter.java:51)
	at org.apache.catalina.core.ApplicationFilterChain.internalDoFilter(ApplicationFilterChain.java:174)
	at org.apache.catalina.core.ApplicationFilterChain.doFilter(ApplicationFilterChain.java:149)
	at org.springframework.web.filter.CompositeFilter$VirtualFilterChain.doFilter(CompositeFilter.java:108)
	at org.springframework.security.web.FilterChainProxy.lambda$doFilterInternal$3(FilterChainProxy.java:231)
	at org.springframework.security.web.FilterChainProxy$VirtualFilterChain.doFilter(FilterChainProxy.java:365)
	at org.springframework.security.web.access.intercept.FilterSecurityInterceptor.invoke(FilterSecurityInterceptor.java:117)
	at org.springframework.security.web.access.intercept.FilterSecurityInterceptor.doFilter(FilterSecurityInterceptor.java:83)
	at org.springframework.security.web.FilterChainProxy$VirtualFilterChain.doFilter(FilterChainProxy.java:374)
	at org.springframework.security.web.access.ExceptionTranslationFilter.doFilter(ExceptionTranslationFilter.java:126)
	at org.springframework.security.web.access.ExceptionTranslationFilter.doFilter(ExceptionTranslationFilter.java:120)
	at org.springframework.security.web.FilterChainProxy$VirtualFilterChain.doFilter(FilterChainProxy.java:374)
	at org.springframework.security.web.authentication.AnonymousAuthenticationFilter.doFilter(AnonymousAuthenticationFilter.java:100)
	at org.springframework.security.web.FilterChainProxy$VirtualFilterChain.doFilter(FilterChainProxy.java:374)
	at org.springframework.security.web.servletapi.SecurityContextHolderAwareRequestFilter.doFilter(SecurityContextHolderAwareRequestFilter.java:179)
	at org.springframework.security.web.FilterChainProxy$VirtualFilterChain.doFilter(FilterChainProxy.java:374)
	at org.springframework.security.web.savedrequest.RequestCacheAwareFilter.doFilter(RequestCacheAwareFilter.java:63)
	at org.springframework.security.web.FilterChainProxy$VirtualFilterChain.doFilter(FilterChainProxy.java:374)
	at org.springframework.security.web.authentication.AbstractAuthenticationProcessingFilter.doFilter(AbstractAuthenticationProcessingFilter.java:227)
	at org.springframework.security.web.authentication.AbstractAuthenticationProcessingFilter.doFilter(AbstractAuthenticationProcessingFilter.java:221)
	at org.springframework.security.web.FilterChainProxy$VirtualFilterChain.doFilter(FilterChainProxy.java:374)
	at org.springframework.security.web.authentication.logout.LogoutFilter.doFilter(LogoutFilter.java:107)
	at org.springframework.security.web.authentication.logout.LogoutFilter.doFilter(LogoutFilter.java:93)
	at org.springframework.security.web.FilterChainProxy$VirtualFilterChain.doFilter(FilterChainProxy.java:374)
	at org.springframework.web.filter.CorsFilter.doFilterInternal(CorsFilter.java:91)
	at org.springframework.web.filter.OncePerRequestFilter.doFilter(OncePerRequestFilter.java:116)
	at org.springframework.security.web.FilterChainProxy$VirtualFilterChain.doFilter(FilterChainProxy.java:374)
	at org.springframework.security.web.header.HeaderWriterFilter.doHeadersAfter(HeaderWriterFilter.java:90)
	at org.springframework.security.web.header.HeaderWriterFilter.doFilterInternal(HeaderWriterFilter.java:75)
	at org.springframework.web.filter.OncePerRequestFilter.doFilter(OncePerRequestFilter.java:116)
	at org.springframework.security.web.FilterChainProxy$VirtualFilterChain.doFilter(FilterChainProxy.java:374)
	at org.springframework.security.web.context.SecurityContextHolderFilter.doFilter(SecurityContextHolderFilter.java:82)
	at org.springframework.security.web.context.SecurityContextHolderFilter.doFilter(SecurityContextHolderFilter.java:69)
	at org.springframework.security.web.FilterChainProxy$VirtualFilterChain.doFilter(FilterChainProxy.java:374)
	at org.springframework.security.web.context.request.async.WebAsyncManagerIntegrationFilter.doFilterInternal(WebAsyncManagerIntegrationFilter.java:62)
	at org.springframework.web.filter.OncePerRequestFilter.doFilter(OncePerRequestFilter.java:116)
	at org.springframework.security.web.FilterChainProxy$VirtualFilterChain.doFilter(FilterChainProxy.java:374)
	at org.springframework.security.web.session.DisableEncodeUrlFilter.doFilterInternal(DisableEncodeUrlFilter.java:42)
	at org.springframework.web.filter.OncePerRequestFilter.doFilter(OncePerRequestFilter.java:116)
	at org.springframework.security.web.FilterChainProxy$VirtualFilterChain.doFilter(FilterChainProxy.java:374)
	at org.springframework.security.web.FilterChainProxy.doFilterInternal(FilterChainProxy.java:233)
	at org.springframework.security.web.FilterChainProxy.doFilter(FilterChainProxy.java:191)
	at org.springframework.web.filter.CompositeFilter$VirtualFilterChain.doFilter(CompositeFilter.java:113)
	at org.springframework.web.servlet.handler.HandlerMappingIntrospector.lambda$createCacheFilter$3(HandlerMappingIntrospector.java:195)
	at org.springframework.web.filter.CompositeFilter$VirtualFilterChain.doFilter(CompositeFilter.java:113)
	at org.springframework.web.filter.CompositeFilter.doFilter(CompositeFilter.java:74)
	at org.springframework.security.config.annotation.web.configuration.WebMvcSecurityConfiguration$CompositeFilterChainProxy.doFilter(WebMvcSecurityConfiguration.java:230)
	at org.springframework.web.filter.DelegatingFilterProxy.invokeDelegate(DelegatingFilterProxy.java:352)
	at org.springframework.web.filter.DelegatingFilterProxy.doFilter(DelegatingFilterProxy.java:268)
	at org.apache.catalina.core.ApplicationFilterChain.internalDoFilter(ApplicationFilterChain.java:174)
	at org.apache.catalina.core.ApplicationFilterChain.doFilter(ApplicationFilterChain.java:149)
	at org.springframework.web.filter.CharacterEncodingFilter.doFilterInternal(CharacterEncodingFilter.java:201)
	at org.springframework.web.filter.OncePerRequestFilter.doFilter(OncePerRequestFilter.java:116)
	at org.apache.catalina.core.ApplicationFilterChain.internalDoFilter(ApplicationFilterChain.java:174)
	at org.apache.catalina.core.ApplicationFilterChain.doFilter(ApplicationFilterChain.java:149)
	at org.apache.catalina.core.StandardWrapperValve.invoke(StandardWrapperValve.java:167)
	at org.apache.catalina.core.StandardContextValve.invoke(StandardContextValve.java:90)
	at org.apache.catalina.authenticator.AuthenticatorBase.invoke(AuthenticatorBase.java:482)
	at org.apache.catalina.core.StandardHostValve.invoke(StandardHostValve.java:115)
	at org.apache.catalina.valves.ErrorReportValve.invoke(ErrorReportValve.java:93)
	at org.apache.catalina.core.StandardEngineValve.invoke(StandardEngineValve.java:74)
	at org.apache.catalina.connector.CoyoteAdapter.service(CoyoteAdapter.java:344)
	at org.apache.coyote.http11.Http11Processor.service(Http11Processor.java:391)
	at org.apache.coyote.AbstractProcessorLight.process(AbstractProcessorLight.java:63)
	at org.apache.coyote.AbstractProtocol$ConnectionHandler.process(AbstractProtocol.java:896)
	at org.apache.tomcat.util.net.NioEndpoint$SocketProcessor.doRun(NioEndpoint.java:1744)
	at org.apache.tomcat.util.net.SocketProcessorBase.run(SocketProcessorBase.java:52)
	at org.apache.tomcat.util.threads.ThreadPoolExecutor.runWorker(ThreadPoolExecutor.java:1191)
	at org.apache.tomcat.util.threads.ThreadPoolExecutor$Worker.run(ThreadPoolExecutor.java:659)
	at org.apache.tomcat.util.threads.TaskThread$WrappingRunnable.run(TaskThread.java:63)
	at java.base/java.lang.Thread.run(Thread.java:1589)
117672 [http-nio-8080-exec-1] INFO  c.e.hm_store.Services.AspectClass – Начало выполнения кода save
117673 [http-nio-8080-exec-1] INFO  c.e.hm_store.Services.AspectClass – Конец выполнения кода save
117674 [http-nio-8080-exec-1] INFO  c.e.hm_store.Services.AspectClass – Начало выполнения кода createOrder
117677 [http-nio-8080-exec-1] WARN  o.h.e.jdbc.spi.SqlExceptionHelper – SQL Error: 0, SQLState: 23505
117678 [http-nio-8080-exec-1] ERROR o.h.e.jdbc.spi.SqlExceptionHelper – ОШИБКА: повторяющееся значение ключа нарушает ограничение уникальности "master_good_pkey"
  Подробности: Ключ "(master_id_of_employee, good_id_of_good)=(0, 2)" уже существует.
  Где: SQL-оператор: "INSERT INTO master_good (master_id_of_employee, good_id_of_good, materials, techtask)
        VALUES (NEW.id_of_master, product_id, 
                (SELECT material FROM item WHERE id = product_id), 
                'Default task')"
функция PL/pgSQL add_to_master_good(), строка 9, оператор SQL-оператор
117678 [http-nio-8080-exec-1] INFO  c.e.hm_store.Services.AspectClass – Конец выполнения кода createOrder
117678 [http-nio-8080-exec-1] ERROR o.a.c.c.C.[.[.[.[dispatcherServlet] – Servlet.service() for servlet [dispatcherServlet] in context with path [] threw exception [Request processing failed: org.springframework.dao.DataIntegrityViolationException: could not execute statement [ОШИБКА: повторяющееся значение ключа нарушает ограничение уникальности "master_good_pkey"
  Подробности: Ключ "(master_id_of_employee, good_id_of_good)=(0, 2)" уже существует.
  Где: SQL-оператор: "INSERT INTO master_good (master_id_of_employee, good_id_of_good, materials, techtask)
        VALUES (NEW.id_of_master, product_id, 
                (SELECT material FROM item WHERE id = product_id), 
                'Default task')"
функция PL/pgSQL add_to_master_good(), строка 9, оператор SQL-оператор] [insert into order_table (user_id,id_of_courier,id_of_manager,id_of_master,orderdate,productid,total_price) values (?,?,?,?,?,?,?)]; SQL [insert into order_table (user_id,id_of_courier,id_of_manager,id_of_master,orderdate,productid,total_price) values (?,?,?,?,?,?,?)]; constraint [null]] with root cause
org.postgresql.util.PSQLException: ОШИБКА: повторяющееся значение ключа нарушает ограничение уникальности "master_good_pkey"
  Подробности: Ключ "(master_id_of_employee, good_id_of_good)=(0, 2)" уже существует.
  Где: SQL-оператор: "INSERT INTO master_good (master_id_of_employee, good_id_of_good, materials, techtask)
        VALUES (NEW.id_of_master, product_id, 
                (SELECT material FROM item WHERE id = product_id), 
                'Default task')"
функция PL/pgSQL add_to_master_good(), строка 9, оператор SQL-оператор
	at org.postgresql.core.v3.QueryExecutorImpl.receiveErrorResponse(QueryExecutorImpl.java:2725)
	at org.postgresql.core.v3.QueryExecutorImpl.processResults(QueryExecutorImpl.java:2412)
	at org.postgresql.core.v3.QueryExecutorImpl.execute(QueryExecutorImpl.java:371)
	at org.postgresql.jdbc.PgStatement.executeInternal(PgStatement.java:502)
	at org.postgresql.jdbc.PgStatement.execute(PgStatement.java:419)
	at org.postgresql.jdbc.PgPreparedStatement.executeWithFlags(PgPreparedStatement.java:194)
	at org.postgresql.jdbc.PgPreparedStatement.executeUpdate(PgPreparedStatement.java:155)
	at com.zaxxer.hikari.pool.ProxyPreparedStatement.executeUpdate(ProxyPreparedStatement.java:61)
	at com.zaxxer.hikari.pool.HikariProxyPreparedStatement.executeUpdate(HikariProxyPreparedStatement.java)
	at org.hibernate.engine.jdbc.internal.ResultSetReturnImpl.executeUpdate(ResultSetReturnImpl.java:194)
	at org.hibernate.id.insert.GetGeneratedKeysDelegate.performInsert(GetGeneratedKeysDelegate.java:107)
	at org.hibernate.engine.jdbc.mutation.internal.MutationExecutorPostInsertSingleTable.execute(MutationExecutorPostInsertSingleTable.java:100)
	at org.hibernate.persister.entity.mutation.InsertCoordinator.doStaticInserts(InsertCoordinator.java:175)
	at org.hibernate.persister.entity.mutation.InsertCoordinator.coordinateInsert(InsertCoordinator.java:113)
	at org.hibernate.persister.entity.AbstractEntityPersister.insert(AbstractEntityPersister.java:2868)
	at org.hibernate.action.internal.EntityIdentityInsertAction.execute(EntityIdentityInsertAction.java:81)
	at org.hibernate.engine.spi.ActionQueue.execute(ActionQueue.java:670)
	at org.hibernate.engine.spi.ActionQueue.addResolvedEntityInsertAction(ActionQueue.java:291)
	at org.hibernate.engine.spi.ActionQueue.addInsertAction(ActionQueue.java:272)
	at org.hibernate.engine.spi.ActionQueue.addAction(ActionQueue.java:322)
	at org.hibernate.event.internal.AbstractSaveEventListener.addInsertAction(AbstractSaveEventListener.java:386)
	at org.hibernate.event.internal.AbstractSaveEventListener.performSaveOrReplicate(AbstractSaveEventListener.java:300)
	at org.hibernate.event.internal.AbstractSaveEventListener.performSave(AbstractSaveEventListener.java:219)
	at org.hibernate.event.internal.AbstractSaveEventListener.saveWithGeneratedId(AbstractSaveEventListener.java:134)
	at org.hibernate.event.internal.DefaultPersistEventListener.entityIsTransient(DefaultPersistEventListener.java:175)
	at org.hibernate.event.internal.DefaultPersistEventListener.persist(DefaultPersistEventListener.java:93)
	at org.hibernate.event.internal.DefaultPersistEventListener.onPersist(DefaultPersistEventListener.java:77)
	at org.hibernate.event.internal.DefaultPersistEventListener.onPersist(DefaultPersistEventListener.java:54)
	at org.hibernate.event.service.internal.EventListenerGroupImpl.fireEventOnEachListener(EventListenerGroupImpl.java:127)
	at org.hibernate.internal.SessionImpl.firePersist(SessionImpl.java:754)
	at org.hibernate.internal.SessionImpl.persist(SessionImpl.java:738)
	at java.base/jdk.internal.reflect.DirectMethodHandleAccessor.invoke(DirectMethodHandleAccessor.java:104)
	at java.base/java.lang.reflect.Method.invoke(Method.java:578)
	at org.springframework.orm.jpa.ExtendedEntityManagerCreator$ExtendedEntityManagerInvocationHandler.invoke(ExtendedEntityManagerCreator.java:364)
	at jdk.proxy2/jdk.proxy2.$Proxy127.persist(Unknown Source)
	at java.base/jdk.internal.reflect.DirectMethodHandleAccessor.invoke(DirectMethodHandleAccessor.java:104)
	at java.base/java.lang.reflect.Method.invoke(Method.java:578)
	at org.springframework.orm.jpa.SharedEntityManagerCreator$SharedEntityManagerInvocationHandler.invoke(SharedEntityManagerCreator.java:319)
	at jdk.proxy2/jdk.proxy2.$Proxy127.persist(Unknown Source)
	at org.springframework.data.jpa.repository.support.SimpleJpaRepository.save(SimpleJpaRepository.java:618)
	at java.base/jdk.internal.reflect.DirectMethodHandleAccessor.invoke(DirectMethodHandleAccessor.java:104)
	at java.base/java.lang.reflect.Method.invoke(Method.java:578)
	at org.springframework.aop.support.AopUtils.invokeJoinpointUsingReflection(AopUtils.java:354)
	at org.springframework.data.repository.core.support.RepositoryMethodInvoker$RepositoryFragmentMethodInvoker.lambda$new$0(RepositoryMethodInvoker.java:277)
	at org.springframework.data.repository.core.support.RepositoryMethodInvoker.doInvoke(RepositoryMethodInvoker.java:170)
	at org.springframework.data.repository.core.support.RepositoryMethodInvoker.invoke(RepositoryMethodInvoker.java:158)
	at org.springframework.data.repository.core.support.RepositoryComposition$RepositoryFragments.invoke(RepositoryComposition.java:516)
	at org.springframework.data.repository.core.support.RepositoryComposition.invoke(RepositoryComposition.java:285)
	at org.springframework.data.repository.core.support.RepositoryFactorySupport$ImplementationMethodExecutionInterceptor.invoke(RepositoryFactorySupport.java:628)
	at org.springframework.aop.framework.ReflectiveMethodInvocation.proceed(ReflectiveMethodInvocation.java:184)
	at org.springframework.data.repository.core.support.QueryExecutorMethodInterceptor.doInvoke(QueryExecutorMethodInterceptor.java:168)
	at org.springframework.data.repository.core.support.QueryExecutorMethodInterceptor.invoke(QueryExecutorMethodInterceptor.java:143)
	at org.springframework.aop.framework.ReflectiveMethodInvocation.proceed(ReflectiveMethodInvocation.java:184)
	at org.springframework.data.projection.DefaultMethodInvokingMethodInterceptor.invoke(DefaultMethodInvokingMethodInterceptor.java:70)
	at org.springframework.aop.framework.ReflectiveMethodInvocation.proceed(ReflectiveMethodInvocation.java:184)
	at org.springframework.transaction.interceptor.TransactionInterceptor$1.proceedWithInvocation(TransactionInterceptor.java:123)
	at org.springframework.transaction.interceptor.TransactionAspectSupport.invokeWithinTransaction(TransactionAspectSupport.java:392)
	at org.springframework.transaction.interceptor.TransactionInterceptor.invoke(TransactionInterceptor.java:119)
	at org.springframework.aop.framework.ReflectiveMethodInvocation.proceed(ReflectiveMethodInvocation.java:184)
	at org.springframework.dao.support.PersistenceExceptionTranslationInterceptor.invoke(PersistenceExceptionTranslationInterceptor.java:137)
	at org.springframework.aop.framework.ReflectiveMethodInvocation.proceed(ReflectiveMethodInvocation.java:184)
	at org.springframework.data.jpa.repository.support.CrudMethodMetadataPostProcessor$CrudMethodMetadataPopulatingMethodInterceptor.invoke(CrudMethodMetadataPostProcessor.java:164)
	at org.springframework.aop.framework.ReflectiveMethodInvocation.proceed(ReflectiveMethodInvocation.java:184)
	at org.springframework.aop.interceptor.ExposeInvocationInterceptor.invoke(ExposeInvocationInterceptor.java:97)
	at org.springframework.aop.framework.ReflectiveMethodInvocation.proceed(ReflectiveMethodInvocation.java:184)
	at org.springframework.aop.framework.JdkDynamicAopProxy.invoke(JdkDynamicAopProxy.java:223)
	at jdk.proxy2/jdk.proxy2.$Proxy130.save(Unknown Source)
	at com.example.hm_store.Services.OrderService.save(OrderService.java:97)
	at com.example.hm_store.Services.OrderService.createOrder(OrderService.java:94)
	at java.base/jdk.internal.reflect.DirectMethodHandleAccessor.invoke(DirectMethodHandleAccessor.java:104)
	at java.base/java.lang.reflect.Method.invoke(Method.java:578)
	at org.springframework.aop.support.AopUtils.invokeJoinpointUsingReflection(AopUtils.java:354)
	at org.springframework.aop.framework.ReflectiveMethodInvocation.invokeJoinpoint(ReflectiveMethodInvocation.java:196)
	at org.springframework.aop.framework.ReflectiveMethodInvocation.proceed(ReflectiveMethodInvocation.java:163)
	at org.springframework.aop.framework.CglibAopProxy$CglibMethodInvocation.proceed(CglibAopProxy.java:768)
	at org.springframework.aop.aspectj.AspectJAfterAdvice.invoke(AspectJAfterAdvice.java:49)
	at org.springframework.aop.framework.ReflectiveMethodInvocation.proceed(ReflectiveMethodInvocation.java:184)
	at org.springframework.aop.framework.CglibAopProxy$CglibMethodInvocation.proceed(CglibAopProxy.java:768)
	at org.springframework.aop.framework.adapter.MethodBeforeAdviceInterceptor.invoke(MethodBeforeAdviceInterceptor.java:58)
	at org.springframework.aop.framework.ReflectiveMethodInvocation.proceed(ReflectiveMethodInvocation.java:184)
	at org.springframework.aop.framework.CglibAopProxy$CglibMethodInvocation.proceed(CglibAopProxy.java:768)
	at org.springframework.transaction.interceptor.TransactionInterceptor$1.proceedWithInvocation(TransactionInterceptor.java:123)
	at org.springframework.transaction.interceptor.TransactionAspectSupport.invokeWithinTransaction(TransactionAspectSupport.java:392)
	at org.springframework.transaction.interceptor.TransactionInterceptor.invoke(TransactionInterceptor.java:119)
	at org.springframework.aop.framework.ReflectiveMethodInvocation.proceed(ReflectiveMethodInvocation.java:184)
	at org.springframework.aop.framework.CglibAopProxy$CglibMethodInvocation.proceed(CglibAopProxy.java:768)
	at org.springframework.aop.interceptor.ExposeInvocationInterceptor.invoke(ExposeInvocationInterceptor.java:97)
	at org.springframework.aop.framework.ReflectiveMethodInvocation.proceed(ReflectiveMethodInvocation.java:184)
	at org.springframework.aop.framework.CglibAopProxy$CglibMethodInvocation.proceed(CglibAopProxy.java:768)
	at org.springframework.aop.framework.CglibAopProxy$DynamicAdvisedInterceptor.intercept(CglibAopProxy.java:720)
	at com.example.hm_store.Services.OrderService$$SpringCGLIB$$0.createOrder(<generated>)
	at com.example.hm_store.Controllers.DataController.sendData(DataController.java:42)
	at java.base/jdk.internal.reflect.DirectMethodHandleAccessor.invoke(DirectMethodHandleAccessor.java:104)
	at java.base/java.lang.reflect.Method.invoke(Method.java:578)
	at org.springframework.web.method.support.InvocableHandlerMethod.doInvoke(InvocableHandlerMethod.java:255)
	at org.springframework.web.method.support.InvocableHandlerMethod.invokeForRequest(InvocableHandlerMethod.java:188)
	at org.springframework.web.servlet.mvc.method.annotation.ServletInvocableHandlerMethod.invokeAndHandle(ServletInvocableHandlerMethod.java:118)
	at org.springframework.web.servlet.mvc.method.annotation.RequestMappingHandlerAdapter.invokeHandlerMethod(RequestMappingHandlerAdapter.java:926)
	at org.springframework.web.servlet.mvc.method.annotation.RequestMappingHandlerAdapter.handleInternal(RequestMappingHandlerAdapter.java:831)
	at org.springframework.web.servlet.mvc.method.AbstractHandlerMethodAdapter.handle(AbstractHandlerMethodAdapter.java:87)
	at org.springframework.web.servlet.DispatcherServlet.doDispatch(DispatcherServlet.java:1089)
	at org.springframework.web.servlet.DispatcherServlet.doService(DispatcherServlet.java:979)
	at org.springframework.web.servlet.FrameworkServlet.processRequest(FrameworkServlet.java:1014)
	at org.springframework.web.servlet.FrameworkServlet.doPost(FrameworkServlet.java:914)
	at jakarta.servlet.http.HttpServlet.service(HttpServlet.java:590)
	at org.springframework.web.servlet.FrameworkServlet.service(FrameworkServlet.java:885)
	at jakarta.servlet.http.HttpServlet.service(HttpServlet.java:658)
	at org.apache.catalina.core.ApplicationFilterChain.internalDoFilter(ApplicationFilterChain.java:205)
	at org.apache.catalina.core.ApplicationFilterChain.doFilter(ApplicationFilterChain.java:149)
	at org.apache.tomcat.websocket.server.WsFilter.doFilter(WsFilter.java:51)
	at org.apache.catalina.core.ApplicationFilterChain.internalDoFilter(ApplicationFilterChain.java:174)
	at org.apache.catalina.core.ApplicationFilterChain.doFilter(ApplicationFilterChain.java:149)
	at org.springframework.web.filter.CompositeFilter$VirtualFilterChain.doFilter(CompositeFilter.java:108)
	at org.springframework.security.web.FilterChainProxy.lambda$doFilterInternal$3(FilterChainProxy.java:231)
	at org.springframework.security.web.FilterChainProxy$VirtualFilterChain.doFilter(FilterChainProxy.java:365)
	at org.springframework.security.web.access.intercept.FilterSecurityInterceptor.invoke(FilterSecurityInterceptor.java:117)
	at org.springframework.security.web.access.intercept.FilterSecurityInterceptor.doFilter(FilterSecurityInterceptor.java:83)
	at org.springframework.security.web.FilterChainProxy$VirtualFilterChain.doFilter(FilterChainProxy.java:374)
	at org.springframework.security.web.access.ExceptionTranslationFilter.doFilter(ExceptionTranslationFilter.java:126)
	at org.springframework.security.web.access.ExceptionTranslationFilter.doFilter(ExceptionTranslationFilter.java:120)
	at org.springframework.security.web.FilterChainProxy$VirtualFilterChain.doFilter(FilterChainProxy.java:374)
	at org.springframework.security.web.authentication.AnonymousAuthenticationFilter.doFilter(AnonymousAuthenticationFilter.java:100)
	at org.springframework.security.web.FilterChainProxy$VirtualFilterChain.doFilter(FilterChainProxy.java:374)
	at org.springframework.security.web.servletapi.SecurityContextHolderAwareRequestFilter.doFilter(SecurityContextHolderAwareRequestFilter.java:179)
	at org.springframework.security.web.FilterChainProxy$VirtualFilterChain.doFilter(FilterChainProxy.java:374)
	at org.springframework.security.web.savedrequest.RequestCacheAwareFilter.doFilter(RequestCacheAwareFilter.java:63)
	at org.springframework.security.web.FilterChainProxy$VirtualFilterChain.doFilter(FilterChainProxy.java:374)
	at org.springframework.security.web.authentication.AbstractAuthenticationProcessingFilter.doFilter(AbstractAuthenticationProcessingFilter.java:227)
	at org.springframework.security.web.authentication.AbstractAuthenticationProcessingFilter.doFilter(AbstractAuthenticationProcessingFilter.java:221)
	at org.springframework.security.web.FilterChainProxy$VirtualFilterChain.doFilter(FilterChainProxy.java:374)
	at org.springframework.security.web.authentication.logout.LogoutFilter.doFilter(LogoutFilter.java:107)
	at org.springframework.security.web.authentication.logout.LogoutFilter.doFilter(LogoutFilter.java:93)
	at org.springframework.security.web.FilterChainProxy$VirtualFilterChain.doFilter(FilterChainProxy.java:374)
	at org.springframework.web.filter.CorsFilter.doFilterInternal(CorsFilter.java:91)
	at org.springframework.web.filter.OncePerRequestFilter.doFilter(OncePerRequestFilter.java:116)
	at org.springframework.security.web.FilterChainProxy$VirtualFilterChain.doFilter(FilterChainProxy.java:374)
	at org.springframework.security.web.header.HeaderWriterFilter.doHeadersAfter(HeaderWriterFilter.java:90)
	at org.springframework.security.web.header.HeaderWriterFilter.doFilterInternal(HeaderWriterFilter.java:75)
	at org.springframework.web.filter.OncePerRequestFilter.doFilter(OncePerRequestFilter.java:116)
	at org.springframework.security.web.FilterChainProxy$VirtualFilterChain.doFilter(FilterChainProxy.java:374)
	at org.springframework.security.web.context.SecurityContextHolderFilter.doFilter(SecurityContextHolderFilter.java:82)
	at org.springframework.security.web.context.SecurityContextHolderFilter.doFilter(SecurityContextHolderFilter.java:69)
	at org.springframework.security.web.FilterChainProxy$VirtualFilterChain.doFilter(FilterChainProxy.java:374)
	at org.springframework.security.web.context.request.async.WebAsyncManagerIntegrationFilter.doFilterInternal(WebAsyncManagerIntegrationFilter.java:62)
	at org.springframework.web.filter.OncePerRequestFilter.doFilter(OncePerRequestFilter.java:116)
	at org.springframework.security.web.FilterChainProxy$VirtualFilterChain.doFilter(FilterChainProxy.java:374)
	at org.springframework.security.web.session.DisableEncodeUrlFilter.doFilterInternal(DisableEncodeUrlFilter.java:42)
	at org.springframework.web.filter.OncePerRequestFilter.doFilter(OncePerRequestFilter.java:116)
	at org.springframework.security.web.FilterChainProxy$VirtualFilterChain.doFilter(FilterChainProxy.java:374)
	at org.springframework.security.web.FilterChainProxy.doFilterInternal(FilterChainProxy.java:233)
	at org.springframework.security.web.FilterChainProxy.doFilter(FilterChainProxy.java:191)
	at org.springframework.web.filter.CompositeFilter$VirtualFilterChain.doFilter(CompositeFilter.java:113)
	at org.springframework.web.servlet.handler.HandlerMappingIntrospector.lambda$createCacheFilter$3(HandlerMappingIntrospector.java:195)
	at org.springframework.web.filter.CompositeFilter$VirtualFilterChain.doFilter(CompositeFilter.java:113)
	at org.springframework.web.filter.CompositeFilter.doFilter(CompositeFilter.java:74)
	at org.springframework.security.config.annotation.web.configuration.WebMvcSecurityConfiguration$CompositeFilterChainProxy.doFilter(WebMvcSecurityConfiguration.java:230)
	at org.springframework.web.filter.DelegatingFilterProxy.invokeDelegate(DelegatingFilterProxy.java:352)
	at org.springframework.web.filter.DelegatingFilterProxy.doFilter(DelegatingFilterProxy.java:268)
	at org.apache.catalina.core.ApplicationFilterChain.internalDoFilter(ApplicationFilterChain.java:174)
	at org.apache.catalina.core.ApplicationFilterChain.doFilter(ApplicationFilterChain.java:149)
	at org.springframework.web.filter.CharacterEncodingFilter.doFilterInternal(CharacterEncodingFilter.java:201)
	at org.springframework.web.filter.OncePerRequestFilter.doFilter(OncePerRequestFilter.java:116)
	at org.apache.catalina.core.ApplicationFilterChain.internalDoFilter(ApplicationFilterChain.java:174)
	at org.apache.catalina.core.ApplicationFilterChain.doFilter(ApplicationFilterChain.java:149)
	at org.apache.catalina.core.StandardWrapperValve.invoke(StandardWrapperValve.java:167)
	at org.apache.catalina.core.StandardContextValve.invoke(StandardContextValve.java:90)
	at org.apache.catalina.authenticator.AuthenticatorBase.invoke(AuthenticatorBase.java:482)
	at org.apache.catalina.core.StandardHostValve.invoke(StandardHostValve.java:115)
	at org.apache.catalina.valves.ErrorReportValve.invoke(ErrorReportValve.java:93)
	at org.apache.catalina.core.StandardEngineValve.invoke(StandardEngineValve.java:74)
	at org.apache.catalina.connector.CoyoteAdapter.service(CoyoteAdapter.java:344)
	at org.apache.coyote.http11.Http11Processor.service(Http11Processor.java:391)
	at org.apache.coyote.AbstractProcessorLight.process(AbstractProcessorLight.java:63)
	at org.apache.coyote.AbstractProtocol$ConnectionHandler.process(AbstractProtocol.java:896)
	at org.apache.tomcat.util.net.NioEndpoint$SocketProcessor.doRun(NioEndpoint.java:1744)
	at org.apache.tomcat.util.net.SocketProcessorBase.run(SocketProcessorBase.java:52)
	at org.apache.tomcat.util.threads.ThreadPoolExecutor.runWorker(ThreadPoolExecutor.java:1191)
	at org.apache.tomcat.util.threads.ThreadPoolExecutor$Worker.run(ThreadPoolExecutor.java:659)
	at org.apache.tomcat.util.threads.TaskThread$WrappingRunnable.run(TaskThread.java:63)
	at java.base/java.lang.Thread.run(Thread.java:1589)
131986 [http-nio-8080-exec-7] INFO  c.e.hm_store.Services.AspectClass – Начало выполнения кода getTotalProductCount
131988 [http-nio-8080-exec-7] INFO  c.e.hm_store.Services.AspectClass – Конец выполнения кода getTotalProductCount
132004 [http-nio-8080-exec-9] INFO  c.e.hm_store.Services.AspectClass – Начало выполнения кода findProductsByPage
132008 [http-nio-8080-exec-9] INFO  c.e.hm_store.Services.AspectClass – Конец выполнения кода findProductsByPage
136262 [http-nio-8080-exec-2] INFO  c.e.hm_store.Services.AspectClass – Начало выполнения кода findProductsByPage
136264 [http-nio-8080-exec-2] INFO  c.e.hm_store.Services.AspectClass – Конец выполнения кода findProductsByPage
151682 [http-nio-8080-exec-2] INFO  c.e.hm_store.Services.AspectClass – Начало выполнения кода save
151683 [http-nio-8080-exec-2] INFO  c.e.hm_store.Services.AspectClass – Конец выполнения кода save
151684 [http-nio-8080-exec-2] INFO  c.e.hm_store.Services.AspectClass – Начало выполнения кода createOrder
151686 [http-nio-8080-exec-2] INFO  c.e.hm_store.Services.AspectClass – Конец выполнения кода createOrder
303644 [http-nio-8080-exec-10] INFO  c.e.hm_store.Services.AspectClass – Начало выполнения кода save
303645 [http-nio-8080-exec-10] INFO  c.e.hm_store.Services.AspectClass – Конец выполнения кода save
303646 [http-nio-8080-exec-10] INFO  c.e.hm_store.Services.AspectClass – Начало выполнения кода saveOrder
303646 [http-nio-8080-exec-10] INFO  c.e.h.S.IndividualOrderService – Save order com.example.hm_store.entity.IndividualOrder@66b1d2a0
303655 [http-nio-8080-exec-10] INFO  c.e.hm_store.Services.AspectClass – Конец выполнения кода saveOrder
447398 [SpringApplicationShutdownHook] INFO  o.s.o.j.LocalContainerEntityManagerFactoryBean – Closing JPA EntityManagerFactory for persistence unit 'default'
447399 [SpringApplicationShutdownHook] INFO  com.zaxxer.hikari.HikariDataSource – HikariPool-1 - Shutdown initiated...
447402 [SpringApplicationShutdownHook] INFO  com.zaxxer.hikari.HikariDataSource – HikariPool-1 - Shutdown completed.
376  [background-preinit] INFO  o.h.validator.internal.util.Version – HV000001: Hibernate Validator 8.0.1.Final
397  [main] INFO  c.e.h.HandMadeStoreApplication – Starting HandMadeStoreApplication using Java 19.0.2 with PID 18188 (C:\Users\hdemyS\IdeaProjects\HM_store_for_RBD\build\classes\java\main started by hdemyS in C:\Users\hdemyS\IdeaProjects\HM_store_for_RBD)
398  [main] INFO  c.e.h.HandMadeStoreApplication – No active profile set, falling back to 1 default profile: "default"
692  [main] INFO  o.s.d.r.c.RepositoryConfigurationDelegate – Bootstrapping Spring Data JPA repositories in DEFAULT mode.
726  [main] INFO  o.s.d.r.c.RepositoryConfigurationDelegate – Finished Spring Data repository scanning in 29 ms. Found 6 JPA repository interfaces.
1241 [main] INFO  o.s.b.w.e.tomcat.TomcatWebServer – Tomcat initialized with port 8080 (http)
1249 [main] INFO  o.a.coyote.http11.Http11NioProtocol – Initializing ProtocolHandler ["http-nio-8080"]
1250 [main] INFO  o.a.catalina.core.StandardService – Starting service [Tomcat]
1250 [main] INFO  o.a.catalina.core.StandardEngine – Starting Servlet engine: [Apache Tomcat/10.1.19]
1298 [main] INFO  o.a.c.c.C.[Tomcat].[localhost].[/] – Initializing Spring embedded WebApplicationContext
1299 [main] INFO  o.s.b.w.s.c.ServletWebServerApplicationContext – Root WebApplicationContext: initialization completed in 878 ms
1409 [main] INFO  o.h.jpa.internal.util.LogHelper – HHH000204: Processing PersistenceUnitInfo [name: default]
1452 [main] INFO  org.hibernate.Version – HHH000412: Hibernate ORM core version 6.4.4.Final
1480 [main] INFO  o.h.c.i.RegionFactoryInitiator – HHH000026: Second-level cache disabled
1635 [main] INFO  o.s.o.j.p.SpringPersistenceUnitInfo – No LoadTimeWeaver setup: ignoring JPA class transformer
1656 [main] INFO  com.zaxxer.hikari.HikariDataSource – HikariPool-1 - Starting...
1770 [main] INFO  com.zaxxer.hikari.pool.HikariPool – HikariPool-1 - Added connection org.postgresql.jdbc.PgConnection@35b3c1f6
1772 [main] INFO  com.zaxxer.hikari.HikariDataSource – HikariPool-1 - Start completed.
1810 [main] WARN  org.hibernate.orm.deprecation – HHH90000025: PostgreSQLDialect does not need to be specified explicitly using 'hibernate.dialect' (remove the property setting and it will be selected by default)
2589 [main] INFO  o.h.e.t.j.p.i.JtaPlatformInitiator – HHH000489: No JTA platform available (set 'hibernate.transaction.jta.platform' to enable JTA platform integration)
2680 [main] INFO  o.s.o.j.LocalContainerEntityManagerFactoryBean – Initialized JPA EntityManagerFactory for persistence unit 'default'
3031 [main] WARN  o.s.b.a.o.j.JpaBaseConfiguration$JpaWebConfiguration – spring.jpa.open-in-view is enabled by default. Therefore, database queries may be performed during view rendering. Explicitly configure spring.jpa.open-in-view to disable this warning
3254 [main] INFO  o.s.s.w.DefaultSecurityFilterChain – Will secure any request with [org.springframework.security.web.session.DisableEncodeUrlFilter@52b2c255, org.springframework.security.web.context.request.async.WebAsyncManagerIntegrationFilter@4a9b4d4e, org.springframework.security.web.context.SecurityContextHolderFilter@2cc7b63d, org.springframework.security.web.header.HeaderWriterFilter@1f9a5d3b, org.springframework.web.filter.CorsFilter@18f8c76d, org.springframework.security.web.authentication.logout.LogoutFilter@2052c49f, org.springframework.security.web.authentication.UsernamePasswordAuthenticationFilter@581f1f40, org.springframework.security.web.savedrequest.RequestCacheAwareFilter@54626326, org.springframework.security.web.servletapi.SecurityContextHolderAwareRequestFilter@6f4e39b3, org.springframework.security.web.authentication.AnonymousAuthenticationFilter@383d2e2d, org.springframework.security.web.access.ExceptionTranslationFilter@78a46d7b, org.springframework.security.web.access.intercept.FilterSecurityInterceptor@54418834]
3388 [main] INFO  o.a.coyote.http11.Http11NioProtocol – Starting ProtocolHandler ["http-nio-8080"]
3399 [main] INFO  o.s.b.w.e.tomcat.TomcatWebServer – Tomcat started on port 8080 (http) with context path ''
3405 [main] INFO  c.e.h.HandMadeStoreApplication – Started HandMadeStoreApplication in 3.229 seconds (process running for 3.687)
5664 [http-nio-8080-exec-1] INFO  o.a.c.c.C.[Tomcat].[localhost].[/] – Initializing Spring DispatcherServlet 'dispatcherServlet'
5664 [http-nio-8080-exec-1] INFO  o.s.web.servlet.DispatcherServlet – Initializing Servlet 'dispatcherServlet'
5665 [http-nio-8080-exec-1] INFO  o.s.web.servlet.DispatcherServlet – Completed initialization in 1 ms
5694 [http-nio-8080-exec-1] WARN  o.apache.catalina.connector.Request – Creating the temporary upload location [C:\Users\hdemyS\AppData\Local\Temp\tomcat.8080.9927992802073184378\work\Tomcat\localhost\ROOT\src\main\resources\static\uploads] as it is required by the servlet [dispatcherServlet]
13279 [http-nio-8080-exec-4] INFO  c.e.hm_store.Services.AspectClass – Начало выполнения кода loadUserByUsername
13412 [http-nio-8080-exec-4] INFO  c.e.hm_store.Services.AspectClass – Конец выполнения кода loadUserByUsername
60978 [http-nio-8080-exec-7] INFO  c.e.hm_store.Services.AspectClass – Начало выполнения кода save
60997 [http-nio-8080-exec-7] INFO  c.e.hm_store.Services.AspectClass – Конец выполнения кода save
61005 [http-nio-8080-exec-7] INFO  c.e.hm_store.Services.AspectClass – Начало выполнения кода saveOrder
61005 [http-nio-8080-exec-7] INFO  c.e.h.S.IndividualOrderService – Save order com.example.hm_store.entity.IndividualOrder@6b2c1ea0
61016 [http-nio-8080-exec-7] INFO  c.e.hm_store.Services.AspectClass – Конец выполнения кода saveOrder
97683 [SpringApplicationShutdownHook] INFO  o.s.o.j.LocalContainerEntityManagerFactoryBean – Closing JPA EntityManagerFactory for persistence unit 'default'
97684 [SpringApplicationShutdownHook] INFO  com.zaxxer.hikari.HikariDataSource – HikariPool-1 - Shutdown initiated...
97686 [SpringApplicationShutdownHook] INFO  com.zaxxer.hikari.HikariDataSource – HikariPool-1 - Shutdown completed.
363  [background-preinit] INFO  o.h.validator.internal.util.Version – HV000001: Hibernate Validator 8.0.1.Final
385  [main] INFO  c.e.h.HandMadeStoreApplication – Starting HandMadeStoreApplication using Java 19.0.2 with PID 19692 (C:\Users\hdemyS\IdeaProjects\HM_store_for_RBD\build\classes\java\main started by hdemyS in C:\Users\hdemyS\IdeaProjects\HM_store_for_RBD)
386  [main] INFO  c.e.h.HandMadeStoreApplication – No active profile set, falling back to 1 default profile: "default"
684  [main] INFO  o.s.d.r.c.RepositoryConfigurationDelegate – Bootstrapping Spring Data JPA repositories in DEFAULT mode.
719  [main] INFO  o.s.d.r.c.RepositoryConfigurationDelegate – Finished Spring Data repository scanning in 31 ms. Found 6 JPA repository interfaces.
1217 [main] INFO  o.s.b.w.e.tomcat.TomcatWebServer – Tomcat initialized with port 8080 (http)
1223 [main] INFO  o.a.coyote.http11.Http11NioProtocol – Initializing ProtocolHandler ["http-nio-8080"]
1224 [main] INFO  o.a.catalina.core.StandardService – Starting service [Tomcat]
1225 [main] INFO  o.a.catalina.core.StandardEngine – Starting Servlet engine: [Apache Tomcat/10.1.19]
1268 [main] INFO  o.a.c.c.C.[Tomcat].[localhost].[/] – Initializing Spring embedded WebApplicationContext
1268 [main] INFO  o.s.b.w.s.c.ServletWebServerApplicationContext – Root WebApplicationContext: initialization completed in 859 ms
1354 [main] INFO  o.h.jpa.internal.util.LogHelper – HHH000204: Processing PersistenceUnitInfo [name: default]
1387 [main] INFO  org.hibernate.Version – HHH000412: Hibernate ORM core version 6.4.4.Final
1405 [main] INFO  o.h.c.i.RegionFactoryInitiator – HHH000026: Second-level cache disabled
1566 [main] INFO  o.s.o.j.p.SpringPersistenceUnitInfo – No LoadTimeWeaver setup: ignoring JPA class transformer
1581 [main] INFO  com.zaxxer.hikari.HikariDataSource – HikariPool-1 - Starting...
1680 [main] INFO  com.zaxxer.hikari.pool.HikariPool – HikariPool-1 - Added connection org.postgresql.jdbc.PgConnection@3bcc8f13
1681 [main] INFO  com.zaxxer.hikari.HikariDataSource – HikariPool-1 - Start completed.
1705 [main] WARN  org.hibernate.orm.deprecation – HHH90000025: PostgreSQLDialect does not need to be specified explicitly using 'hibernate.dialect' (remove the property setting and it will be selected by default)
2429 [main] INFO  o.h.e.t.j.p.i.JtaPlatformInitiator – HHH000489: No JTA platform available (set 'hibernate.transaction.jta.platform' to enable JTA platform integration)
2508 [main] INFO  o.s.o.j.LocalContainerEntityManagerFactoryBean – Initialized JPA EntityManagerFactory for persistence unit 'default'
2819 [main] WARN  o.s.b.a.o.j.JpaBaseConfiguration$JpaWebConfiguration – spring.jpa.open-in-view is enabled by default. Therefore, database queries may be performed during view rendering. Explicitly configure spring.jpa.open-in-view to disable this warning
3062 [main] INFO  o.s.s.w.DefaultSecurityFilterChain – Will secure any request with [org.springframework.security.web.session.DisableEncodeUrlFilter@5f113867, org.springframework.security.web.context.request.async.WebAsyncManagerIntegrationFilter@72cf159f, org.springframework.security.web.context.SecurityContextHolderFilter@69c53b72, org.springframework.security.web.header.HeaderWriterFilter@203ba07, org.springframework.web.filter.CorsFilter@54af9cce, org.springframework.security.web.authentication.logout.LogoutFilter@4bf6bc2d, org.springframework.security.web.authentication.UsernamePasswordAuthenticationFilter@7e584f3c, org.springframework.security.web.savedrequest.RequestCacheAwareFilter@116fe252, org.springframework.security.web.servletapi.SecurityContextHolderAwareRequestFilter@7b8b755d, org.springframework.security.web.authentication.AnonymousAuthenticationFilter@683218c8, org.springframework.security.web.access.ExceptionTranslationFilter@3a8cc099, org.springframework.security.web.access.intercept.FilterSecurityInterceptor@32a541a8]
3183 [main] INFO  o.a.coyote.http11.Http11NioProtocol – Starting ProtocolHandler ["http-nio-8080"]
3194 [main] INFO  o.s.b.w.e.tomcat.TomcatWebServer – Tomcat started on port 8080 (http) with context path ''
3200 [main] INFO  c.e.h.HandMadeStoreApplication – Started HandMadeStoreApplication in 3.04 seconds (process running for 3.472)
3316 [http-nio-8080-exec-1] INFO  o.a.c.c.C.[Tomcat].[localhost].[/] – Initializing Spring DispatcherServlet 'dispatcherServlet'
3317 [http-nio-8080-exec-1] INFO  o.s.web.servlet.DispatcherServlet – Initializing Servlet 'dispatcherServlet'
3317 [http-nio-8080-exec-1] INFO  o.s.web.servlet.DispatcherServlet – Completed initialization in 0 ms
8976 [http-nio-8080-exec-8] INFO  c.e.hm_store.Services.AspectClass – Начало выполнения кода loadUserByUsername
9105 [http-nio-8080-exec-8] INFO  c.e.hm_store.Services.AspectClass – Конец выполнения кода loadUserByUsername
33159 [http-nio-8080-exec-4] WARN  o.apache.catalina.connector.Request – Creating the temporary upload location [C:\Users\hdemyS\AppData\Local\Temp\tomcat.8080.6527823495645379773\work\Tomcat\localhost\ROOT\src\main\resources\static\uploads] as it is required by the servlet [dispatcherServlet]
33190 [http-nio-8080-exec-4] INFO  c.e.hm_store.Services.AspectClass – Начало выполнения кода save
33209 [http-nio-8080-exec-4] INFO  c.e.hm_store.Services.AspectClass – Конец выполнения кода save
33215 [http-nio-8080-exec-4] INFO  c.e.hm_store.Services.AspectClass – Начало выполнения кода saveOrder
33215 [http-nio-8080-exec-4] INFO  c.e.h.S.IndividualOrderService – Save order com.example.hm_store.entity.IndividualOrder@29afe4ba
33222 [http-nio-8080-exec-4] INFO  c.e.hm_store.Services.AspectClass – Конец выполнения кода saveOrder
65064 [http-nio-8080-exec-1] INFO  c.e.hm_store.Services.AspectClass – Начало выполнения кода getTotalProductCount
65202 [http-nio-8080-exec-1] INFO  c.e.hm_store.Services.AspectClass – Конец выполнения кода getTotalProductCount
65224 [http-nio-8080-exec-10] INFO  c.e.hm_store.Services.AspectClass – Начало выполнения кода findProductsByPage
65234 [http-nio-8080-exec-10] INFO  c.e.hm_store.Services.AspectClass – Конец выполнения кода findProductsByPage
98345 [SpringApplicationShutdownHook] INFO  o.s.o.j.LocalContainerEntityManagerFactoryBean – Closing JPA EntityManagerFactory for persistence unit 'default'
98346 [SpringApplicationShutdownHook] INFO  com.zaxxer.hikari.HikariDataSource – HikariPool-1 - Shutdown initiated...
98348 [SpringApplicationShutdownHook] INFO  com.zaxxer.hikari.HikariDataSource – HikariPool-1 - Shutdown completed.
433  [background-preinit] INFO  o.h.validator.internal.util.Version – HV000001: Hibernate Validator 8.0.1.Final
459  [main] INFO  c.e.h.HandMadeStoreApplication – Starting HandMadeStoreApplication using Java 19.0.2 with PID 23792 (C:\Users\hdemyS\IdeaProjects\HM_store_for_RBD\build\classes\java\main started by hdemyS in C:\Users\hdemyS\IdeaProjects\HM_store_for_RBD)
460  [main] INFO  c.e.h.HandMadeStoreApplication – No active profile set, falling back to 1 default profile: "default"
813  [main] INFO  o.s.d.r.c.RepositoryConfigurationDelegate – Bootstrapping Spring Data JPA repositories in DEFAULT mode.
851  [main] INFO  o.s.d.r.c.RepositoryConfigurationDelegate – Finished Spring Data repository scanning in 33 ms. Found 6 JPA repository interfaces.
1451 [main] INFO  o.s.b.w.e.tomcat.TomcatWebServer – Tomcat initialized with port 8080 (http)
1458 [main] INFO  o.a.coyote.http11.Http11NioProtocol – Initializing ProtocolHandler ["http-nio-8080"]
1460 [main] INFO  o.a.catalina.core.StandardService – Starting service [Tomcat]
1460 [main] INFO  o.a.catalina.core.StandardEngine – Starting Servlet engine: [Apache Tomcat/10.1.19]
1509 [main] INFO  o.a.c.c.C.[Tomcat].[localhost].[/] – Initializing Spring embedded WebApplicationContext
1509 [main] INFO  o.s.b.w.s.c.ServletWebServerApplicationContext – Root WebApplicationContext: initialization completed in 1025 ms
1615 [main] INFO  o.h.jpa.internal.util.LogHelper – HHH000204: Processing PersistenceUnitInfo [name: default]
1658 [main] INFO  org.hibernate.Version – HHH000412: Hibernate ORM core version 6.4.4.Final
1686 [main] INFO  o.h.c.i.RegionFactoryInitiator – HHH000026: Second-level cache disabled
1854 [main] INFO  o.s.o.j.p.SpringPersistenceUnitInfo – No LoadTimeWeaver setup: ignoring JPA class transformer
1878 [main] INFO  com.zaxxer.hikari.HikariDataSource – HikariPool-1 - Starting...
2011 [main] INFO  com.zaxxer.hikari.pool.HikariPool – HikariPool-1 - Added connection org.postgresql.jdbc.PgConnection@35b3c1f6
2013 [main] INFO  com.zaxxer.hikari.HikariDataSource – HikariPool-1 - Start completed.
2040 [main] WARN  org.hibernate.orm.deprecation – HHH90000025: PostgreSQLDialect does not need to be specified explicitly using 'hibernate.dialect' (remove the property setting and it will be selected by default)
2826 [main] INFO  o.h.e.t.j.p.i.JtaPlatformInitiator – HHH000489: No JTA platform available (set 'hibernate.transaction.jta.platform' to enable JTA platform integration)
2920 [main] INFO  o.s.o.j.LocalContainerEntityManagerFactoryBean – Initialized JPA EntityManagerFactory for persistence unit 'default'
3286 [main] WARN  o.s.b.a.o.j.JpaBaseConfiguration$JpaWebConfiguration – spring.jpa.open-in-view is enabled by default. Therefore, database queries may be performed during view rendering. Explicitly configure spring.jpa.open-in-view to disable this warning
3587 [main] INFO  o.s.s.w.DefaultSecurityFilterChain – Will secure any request with [org.springframework.security.web.session.DisableEncodeUrlFilter@581f1f40, org.springframework.security.web.context.request.async.WebAsyncManagerIntegrationFilter@52b2c255, org.springframework.security.web.context.SecurityContextHolderFilter@56adb75e, org.springframework.security.web.header.HeaderWriterFilter@3509f32d, org.springframework.web.filter.CorsFilter@4a9b4d4e, org.springframework.security.web.authentication.logout.LogoutFilter@5d729af6, org.springframework.security.web.authentication.UsernamePasswordAuthenticationFilter@4ba32242, org.springframework.security.web.savedrequest.RequestCacheAwareFilter@6179551b, org.springframework.security.web.servletapi.SecurityContextHolderAwareRequestFilter@54626326, org.springframework.security.web.authentication.AnonymousAuthenticationFilter@18f8c76d, org.springframework.security.web.access.ExceptionTranslationFilter@2bb03136, org.springframework.security.web.access.intercept.FilterSecurityInterceptor@cfb462]
3727 [main] INFO  o.a.coyote.http11.Http11NioProtocol – Starting ProtocolHandler ["http-nio-8080"]
3738 [main] INFO  o.s.b.w.e.tomcat.TomcatWebServer – Tomcat started on port 8080 (http) with context path ''
3744 [main] INFO  c.e.h.HandMadeStoreApplication – Started HandMadeStoreApplication in 3.544 seconds (process running for 4.153)
7120 [http-nio-8080-exec-1] INFO  o.a.c.c.C.[Tomcat].[localhost].[/] – Initializing Spring DispatcherServlet 'dispatcherServlet'
7120 [http-nio-8080-exec-1] INFO  o.s.web.servlet.DispatcherServlet – Initializing Servlet 'dispatcherServlet'
7121 [http-nio-8080-exec-1] INFO  o.s.web.servlet.DispatcherServlet – Completed initialization in 1 ms
15559 [http-nio-8080-exec-3] INFO  c.e.hm_store.Services.AspectClass – Начало выполнения кода loadUserByUsername
15700 [http-nio-8080-exec-3] INFO  c.e.hm_store.Services.AspectClass – Конец выполнения кода loadUserByUsername
17461 [http-nio-8080-exec-7] INFO  c.e.hm_store.Services.AspectClass – Начало выполнения кода getTotalProductCount
17620 [http-nio-8080-exec-7] INFO  c.e.hm_store.Services.AspectClass – Конец выполнения кода getTotalProductCount
17643 [http-nio-8080-exec-10] INFO  c.e.hm_store.Services.AspectClass – Начало выполнения кода findProductsByPage
17659 [http-nio-8080-exec-10] INFO  c.e.hm_store.Services.AspectClass – Конец выполнения кода findProductsByPage
30597 [http-nio-8080-exec-2] INFO  c.e.hm_store.Services.AspectClass – Начало выполнения кода getTotalProductCount
30600 [http-nio-8080-exec-2] INFO  c.e.hm_store.Services.AspectClass – Конец выполнения кода getTotalProductCount
30612 [http-nio-8080-exec-9] INFO  c.e.hm_store.Services.AspectClass – Начало выполнения кода findProductsByPage
30617 [http-nio-8080-exec-9] INFO  c.e.hm_store.Services.AspectClass – Конец выполнения кода findProductsByPage
33007 [http-nio-8080-exec-5] INFO  c.e.hm_store.Services.AspectClass – Начало выполнения кода getTotalProductCount
33008 [http-nio-8080-exec-5] INFO  c.e.hm_store.Services.AspectClass – Конец выполнения кода getTotalProductCount
33022 [http-nio-8080-exec-8] INFO  c.e.hm_store.Services.AspectClass – Начало выполнения кода findProductsByPage
33026 [http-nio-8080-exec-8] INFO  c.e.hm_store.Services.AspectClass – Конец выполнения кода findProductsByPage
44372 [http-nio-8080-exec-9] INFO  c.e.hm_store.Services.AspectClass – Начало выполнения кода getTotalProductCount
44373 [http-nio-8080-exec-9] INFO  c.e.hm_store.Services.AspectClass – Конец выполнения кода getTotalProductCount
44409 [http-nio-8080-exec-10] INFO  c.e.hm_store.Services.AspectClass – Начало выполнения кода findProductsByPage
44413 [http-nio-8080-exec-10] INFO  c.e.hm_store.Services.AspectClass – Конец выполнения кода findProductsByPage
393388 [SpringApplicationShutdownHook] INFO  o.s.o.j.LocalContainerEntityManagerFactoryBean – Closing JPA EntityManagerFactory for persistence unit 'default'
393389 [SpringApplicationShutdownHook] INFO  com.zaxxer.hikari.HikariDataSource – HikariPool-1 - Shutdown initiated...
393391 [SpringApplicationShutdownHook] INFO  com.zaxxer.hikari.HikariDataSource – HikariPool-1 - Shutdown completed.
